#
# There is insufficient memory for the Java Runtime Environment to continue.
# Native memory allocation (mmap) failed to map 134217728 bytes for G1 virtual space
# Possible reasons:
#   The system is out of physical RAM or swap space
#   The process is running with CompressedOops enabled, and the Java Heap may be blocking the growth of the native heap
# Possible solutions:
#   Reduce memory load on the system
#   Increase physical memory or swap space
#   Check if swap backing store is full
#   Decrease Java heap size (-Xmx/-Xms)
#   Decrease number of Java threads
#   Decrease Java thread stack sizes (-Xss)
#   Set larger code cache with -XX:ReservedCodeCacheSize=
#   JVM is running with Unscaled Compressed Oops mode in which the Java heap is
#     placed in the first 4GB address space. The Java Heap base address is the
#     maximum limit for the native heap growth. Please use -XX:HeapBaseMinAddress
#     to set the Java Heap base and to place the Java Heap above 4GB virtual address.
# This output file may be truncated or incomplete.
#
#  Out of Memory Error (os_windows.cpp:3550), pid=16692, tid=15152
#
# JRE version:  (17.0.6+9) (build )
# Java VM: Java HotSpot(TM) 64-Bit Server VM (17.0.6+9-LTS-190, mixed mode, sharing, tiered, compressed oops, compressed class ptrs, g1 gc, windows-amd64)
# No core dump will be written. Minidumps are not enabled by default on client versions of Windows
#

---------------  S U M M A R Y ------------

Command Line: -Dfile.encoding=UTF-8 -XX:+ShowCodeDetailsInExceptionMessages exericios_15_02.Collection_Stack

Host: Intel(R) Core(TM) i5-7300U CPU @ 2.60GHz, 4 cores, 7G,  Windows 10 , 64 bit Build 19041 (10.0.19041.2364)
Time: Wed Feb 15 19:58:28 2023 Hora oficial do Brasil elapsed time: 0.015854 seconds (0d 0h 0m 0s)

---------------  T H R E A D  ---------------

Current thread (0x00000204f11ab590):  JavaThread "Unknown thread" [_thread_in_vm, id=15152, stack(0x0000005d68500000,0x0000005d68600000)]

Stack: [0x0000005d68500000,0x0000005d68600000]
Native frames: (J=compiled Java code, j=interpreted, Vv=VM code, C=native code)
V  [jvm.dll+0x6734ea]
V  [jvm.dll+0x7d18f4]
V  [jvm.dll+0x7d309e]
V  [jvm.dll+0x7d3703]
V  [jvm.dll+0x2433c5]
V  [jvm.dll+0x6703f9]
V  [jvm.dll+0x664d32]
V  [jvm.dll+0x300086]
V  [jvm.dll+0x307606]
V  [jvm.dll+0x356c1e]
V  [jvm.dll+0x356e4f]
V  [jvm.dll+0x2d72e8]
V  [jvm.dll+0x2d8254]
V  [jvm.dll+0x7a33b1]
V  [jvm.dll+0x3647f1]
V  [jvm.dll+0x782839]
V  [jvm.dll+0x3e757f]
V  [jvm.dll+0x3e9001]
C  [jli.dll+0x5297]
C  [ucrtbase.dll+0x21bb2]
C  [KERNEL32.DLL+0x17614]
C  [ntdll.dll+0x526a1]


---------------  P R O C E S S  ---------------

Threads class SMR info:
_java_thread_list=0x00007ff8f525e958, length=0, elements={
}

Java Threads: ( => current thread )

Other Threads:
  0x00000204f1206170 GCTaskThread "GC Thread#0" [stack: 0x0000005d68600000,0x0000005d68700000] [id=15604]
  0x00000204f12174d0 ConcurrentGCThread "G1 Main Marker" [stack: 0x0000005d68700000,0x0000005d68800000] [id=10704]
  0x00000204f1218680 ConcurrentGCThread "G1 Conc#0" [stack: 0x0000005d68800000,0x0000005d68900000] [id=7124]

[error occurred during error reporting (printing all threads), id 0xc0000005, EXCEPTION_ACCESS_VIOLATION (0xc0000005) at pc=0x00007ff8f4a97f07]

VM state: not at safepoint (not fully initialized)

VM Mutex/Monitor currently owned by a thread:  ([mutex/lock_event])
[0x00000204f11a6c30] Heap_lock - owner thread: 0x00000204f11ab590

Heap address: 0x0000000081c00000, size: 2020 MB, Compressed Oops mode: 32-bit

CDS archive(s) mapped at: [0x0000000000000000-0x0000000000000000-0x0000000000000000), size 0, SharedBaseAddress: 0x0000000800000000, ArchiveRelocationMode: 0.
Narrow klass base: 0x0000000000000000, Narrow klass shift: 0, Narrow klass range: 0x0

GC Precious Log:
<Empty>

Heap:
 garbage-first heap   total 0K, used 0K [0x0000000081c00000, 0x0000000100000000)
  region size 1024K, 0 young (0K), 0 survivors (0K)

[error occurred during error reporting (printing heap information), id 0xc0000005, EXCEPTION_ACCESS_VIOLATION (0xc0000005) at pc=0x00007ff8f4e7c759]

GC Heap History (0 events):
No events

Deoptimization events (0 events):
No events

Classes unloaded (0 events):
No events

Classes redefined (0 events):
No events

Internal exceptions (0 events):
No events

VM Operations (0 events):
No events

Events (1 events):
Event: 0.010 Loaded shared library C:\Program Files\Java\jdk-17\bin\java.dll


Dynamic libraries:
0x00007ff71adc0000 - 0x00007ff71add0000 	C:\Program Files\Java\jdk-17\bin\javaw.exe
0x00007ff934f10000 - 0x00007ff935108000 	C:\Windows\SYSTEM32\ntdll.dll
0x00007ff934cc0000 - 0x00007ff934d7f000 	C:\Windows\System32\KERNEL32.DLL
0x00007ff932780000 - 0x00007ff932a52000 	C:\Windows\System32\KERNELBASE.dll
0x00007ff932a90000 - 0x00007ff932b90000 	C:\Windows\System32\ucrtbase.dll
0x00007ff926c60000 - 0x00007ff926c78000 	C:\Program Files\Java\jdk-17\bin\jli.dll
0x00007ff922310000 - 0x00007ff92232b000 	C:\Program Files\Java\jdk-17\bin\VCRUNTIME140.dll
0x00007ff933830000 - 0x00007ff9338de000 	C:\Windows\System32\ADVAPI32.dll
0x00007ff933a10000 - 0x00007ff933aae000 	C:\Windows\System32\msvcrt.dll
0x00007ff934d80000 - 0x00007ff934e1c000 	C:\Windows\System32\sechost.dll
0x00007ff933690000 - 0x00007ff9337b5000 	C:\Windows\System32\RPCRT4.dll
0x00007ff9334e0000 - 0x00007ff933681000 	C:\Windows\System32\USER32.dll
0x00007ff932a60000 - 0x00007ff932a82000 	C:\Windows\System32\win32u.dll
0x00007ff934e40000 - 0x00007ff934e6b000 	C:\Windows\System32\GDI32.dll
0x00007ff932c30000 - 0x00007ff932d3f000 	C:\Windows\System32\gdi32full.dll
0x00007ff932b90000 - 0x00007ff932c2d000 	C:\Windows\System32\msvcp_win.dll
0x00007ff91ea20000 - 0x00007ff91ecba000 	C:\Windows\WinSxS\amd64_microsoft.windows.common-controls_6595b64144ccf1df_6.0.19041.1110_none_60b5254171f9507e\COMCTL32.dll
0x00007ff92a410000 - 0x00007ff92a41a000 	C:\Windows\SYSTEM32\VERSION.dll
0x00007ff9339d0000 - 0x00007ff933a02000 	C:\Windows\System32\IMM32.DLL
0x00007ff92da00000 - 0x00007ff92da0c000 	C:\Program Files\Java\jdk-17\bin\vcruntime140_1.dll
0x00007ff91b200000 - 0x00007ff91b28e000 	C:\Program Files\Java\jdk-17\bin\msvcp140.dll
0x00007ff8f47b0000 - 0x00007ff8f5387000 	C:\Program Files\Java\jdk-17\bin\server\jvm.dll
0x00007ff933eb0000 - 0x00007ff933eb8000 	C:\Windows\System32\PSAPI.DLL
0x00007ff91d490000 - 0x00007ff91d4b7000 	C:\Windows\SYSTEM32\WINMM.dll
0x00007ff91a9f0000 - 0x00007ff91a9f9000 	C:\Windows\SYSTEM32\WSOCK32.dll
0x00007ff933960000 - 0x00007ff9339cb000 	C:\Windows\System32\ws2_32.DLL
0x00007ff930e50000 - 0x00007ff930e62000 	C:\Windows\SYSTEM32\kernel.appcore.dll
0x00007ff92b5f0000 - 0x00007ff92b5fa000 	C:\Program Files\Java\jdk-17\bin\jimage.dll
0x00007ff9303b0000 - 0x00007ff930594000 	C:\Windows\SYSTEM32\DBGHELP.DLL
0x00007ff9198c0000 - 0x00007ff9198f5000 	C:\Windows\SYSTEM32\dbgcore.DLL
0x00007ff932650000 - 0x00007ff9326d2000 	C:\Windows\System32\bcryptPrimitives.dll
0x00007ff91de70000 - 0x00007ff91de95000 	C:\Program Files\Java\jdk-17\bin\java.dll

dbghelp: loaded successfully - version: 4.0.5 - missing functions: none
symbol engine: initialized successfully - sym options: 0x614 - pdb path: .;C:\Program Files\Java\jdk-17\bin;C:\Windows\SYSTEM32;C:\Windows\WinSxS\amd64_microsoft.windows.common-controls_6595b64144ccf1df_6.0.19041.1110_none_60b5254171f9507e;C:\Program Files\Java\jdk-17\bin\server

VM Arguments:
jvm_args: -Dfile.encoding=UTF-8 -XX:+ShowCodeDetailsInExceptionMessages 
java_command: exericios_15_02.Collection_Stack
java_class_path (initial): C:\Users\Usuário\eclipse-workspace\exericios_15_02\bin
Launcher Type: SUN_STANDARD

[Global flags]
     intx CICompilerCount                          = 3                                         {product} {ergonomic}
     uint ConcGCThreads                            = 1                                         {product} {ergonomic}
     uint G1ConcRefinementThreads                  = 4                                         {product} {ergonomic}
   size_t G1HeapRegionSize                         = 1048576                                   {product} {ergonomic}
    uintx GCDrainStackTargetSize                   = 64                                        {product} {ergonomic}
   size_t InitialHeapSize                          = 134217728                                 {product} {ergonomic}
   size_t MarkStackSize                            = 4194304                                   {product} {ergonomic}
   size_t MaxHeapSize                              = 2118123520                                {product} {ergonomic}
   size_t MinHeapDeltaBytes                        = 1048576                                   {product} {ergonomic}
   size_t MinHeapSize                              = 8388608                                   {product} {ergonomic}
    uintx NonNMethodCodeHeapSize                   = 5832780                                {pd product} {ergonomic}
    uintx NonProfiledCodeHeapSize                  = 122912730                              {pd product} {ergonomic}
    uintx ProfiledCodeHeapSize                     = 122912730                              {pd product} {ergonomic}
    uintx ReservedCodeCacheSize                    = 251658240                              {pd product} {ergonomic}
     bool SegmentedCodeCache                       = true                                      {product} {ergonomic}
     bool ShowCodeDetailsInExceptionMessages       = true                                   {manageable} {command line}
   size_t SoftMaxHeapSize                          = 2118123520                             {manageable} {ergonomic}
     bool UseCompressedClassPointers               = true                           {product lp64_product} {ergonomic}
     bool UseCompressedOops                        = true                           {product lp64_product} {ergonomic}
     bool UseG1GC                                  = true                                      {product} {ergonomic}
     bool UseLargePagesIndividualAllocation        = false                                  {pd product} {ergonomic}

Logging:
Log output configuration:
 #0: stdout all=warning uptime,level,tags
 #1: stderr all=off uptime,level,tags

Environment Variables:
JAVA_HOME=C:\Program Files\Java\jdk-17.0.3.1
PATH=C:\Program Files\Common Files\Oracle\Java\javapath;C:\Windows\system32;C:\Windows;C:\Windows\System32\Wbem;C:\Windows\System32\WindowsPowerShell\v1.0\;C:\Windows\System32\OpenSSH\;C:\Program Files\dotnet\;C:\Program Files (x86)\Intel\Intel(R) Management Engine Components\DAL;C:\Program Files\Intel\Intel(R) Management Engine Components\DAL;C:\ProgramData\UNIVALI\Portugol Studio;C:\Progrem Files\Java\jdk-17.0.3.1;C:\Program Files\nodejs\;C:\Program Files\Git\cmd;C:\Users\Usuário\AppData\Local\Microsoft\WindowsApps;;C:\Users\Usuário\AppData\Local\Programs\Microsoft VS Code\bin;C:\Users\Usuário\AppData\Roaming\npm
USERNAME=Usuário
OS=Windows_NT
PROCESSOR_IDENTIFIER=Intel64 Family 6 Model 142 Stepping 9, GenuineIntel



---------------  S Y S T E M  ---------------

OS:
 Windows 10 , 64 bit Build 19041 (10.0.19041.2364)
OS uptime: 8 days 1:09 hours

CPU: total 4 (initial active 4) (2 cores per cpu, 2 threads per core) family 6 model 142 stepping 9 microcode 0xf0, cx8, cmov, fxsr, ht, mmx, 3dnowpref, sse, sse2, sse3, ssse3, sse4.1, sse4.2, popcnt, lzcnt, tsc, tscinvbit, avx, avx2, aes, erms, clmul, bmi1, bmi2, rtm, adx, fma, vzeroupper, clflush, clflushopt

Memory: 4k page, system-wide physical 8073M (1202M free)
TotalPageFile size 23265M (AvailPageFile size 115M)
current process WorkingSet (physical memory assigned to process): 10M, peak: 10M
current process commit charge ("private bytes"): 51M, peak: 179M

vm_info: Java HotSpot(TM) 64-Bit Server VM (17.0.6+9-LTS-190) for windows-amd64 JRE (17.0.6+9-LTS-190), built on Dec  6 2022 15:53:54 by "mach5one" with MS VC++ 17.1 (VS2022)

END.
